<?xml version="1.0" encoding="UTF-8"?>
<!-- Generated by org.testng.reporters.JUnitReportReporter -->
<testsuite hostname="DESKTOP-MQ0VGR6" failures="0" tests="3" name="com.ivis.iportal.script.TC_IportalAutomation" time="9.121" errors="0" timestamp="2024-10-28T16:16:12 IST" skipped="0">
  <testcase classname="com.ivis.iportal.script.TC_IportalAutomation" name="iportalLoginValidation" time="1.293"/>
  <system-out/>
  <testcase classname="com.ivis.iportal.script.TC_IportalAutomation" name="iportalLoginValidation" time="1.370"/>
  <system-out/>
  <testcase classname="com.ivis.iportal.script.TC_IportalAutomation" name="iportalLoginValidation" time="6.458"/>
  <system-out/>
</testsuite> <!-- com.ivis.iportal.script.TC_IportalAutomation -->
